<?xml version="1.0" encoding="UTF-8"?>
<!-- Generated by org.testng.reporters.JUnitXMLReporter -->
<testsuite ignored="7" hostname="NL-RLPT-16" failures="0" tests="1" name="Default test" time="35.254" errors="0" timestamp="2024-12-06T18:30:08 IST">
  <testcase classname="neshbase.Functionalflows" name="editUser" time="16.974"/>
  <testcase classname="neshbase.Functionalflows" name="selectOrgtype" time="0.0">
    <ignored/>
  </testcase> <!-- selectOrgtype -->
  <testcase classname="neshbase.Functionalflows" name="editOrganization" time="0.0">
    <ignored/>
  </testcase> <!-- editOrganization -->
  <testcase classname="neshbase.Functionalflows" name="createOrganization" time="0.0">
    <ignored/>
  </testcase> <!-- createOrganization -->
  <testcase classname="neshbase.Functionalflows" name="logout" time="0.0">
    <ignored/>
  </testcase> <!-- logout -->
  <testcase classname="neshbase.Functionalflows" name="deleteUser" time="0.0">
    <ignored/>
  </testcase> <!-- deleteUser -->
  <testcase classname="neshbase.Functionalflows" name="assignSetup" time="0.0">
    <ignored/>
  </testcase> <!-- assignSetup -->
  <testcase classname="neshbase.Functionalflows" name="createUser" time="0.0">
    <ignored/>
  </testcase> <!-- createUser -->
</testsuite> <!-- Default test -->
