<?xml version="1.0" encoding="UTF-8"?>
<!-- Generated by org.testng.reporters.JUnitXMLReporter -->
<testsuite ignored="4" hostname="NL-RLPT-16" failures="0" tests="1" name="Default test" time="18.57" errors="0" timestamp="2024-12-04T23:42:06 IST">
  <testcase classname="neshbase.Functionalflows" name="edit_user" time="5.258"/>
  <testcase classname="neshbase.Functionalflows" name="add_organization" time="0.0">
    <ignored/>
  </testcase> <!-- add_organization -->
  <testcase classname="neshbase.Functionalflows" name="select_org_type" time="0.0">
    <ignored/>
  </testcase> <!-- select_org_type -->
  <testcase classname="neshbase.Functionalflows" name="new_user" time="0.0">
    <ignored/>
  </testcase> <!-- new_user -->
  <testcase classname="neshbase.Functionalflows" name="assign_setup" time="0.0">
    <ignored/>
  </testcase> <!-- assign_setup -->
</testsuite> <!-- Default test -->
