<?xml version="1.0" encoding="UTF-8"?>
<!-- Generated by org.testng.reporters.JUnitXMLReporter -->
<testsuite ignored="0" hostname="NL-RLPT-16" failures="2" tests="8" name="Test" time="91.313" errors="0" timestamp="2024-12-06T15:35:58 IST">
  <testcase classname="neshbase.Functionalflows" name="@AfterClass browserclose" time="0.011">
    <failure type="com.microsoft.playwright.impl.TargetClosedError" message="Target page, context or browser has been closed">
      <![CDATA[com.microsoft.playwright.impl.TargetClosedError: Target page, context or browser has been closed
at com.microsoft.playwright.impl.PageImpl$WaitablePageClose.get(PageImpl.java:1494)
at com.microsoft.playwright.impl.WaitableRace.get(WaitableRace.java:44)
at com.microsoft.playwright.impl.WaitableRace.get(WaitableRace.java:44)
at com.microsoft.playwright.impl.ChannelOwner.runUntil(ChannelOwner.java:132)
at com.microsoft.playwright.impl.PageImpl.lambda$pause$60(PageImpl.java:1051)
at com.microsoft.playwright.impl.LoggingSupport.lambda$withLogging$0(LoggingSupport.java:36)
at com.microsoft.playwright.impl.LoggingSupport.withLogging(LoggingSupport.java:47)
at com.microsoft.playwright.impl.ChannelOwner.withLogging(ChannelOwner.java:97)
at com.microsoft.playwright.impl.LoggingSupport.withLogging(LoggingSupport.java:35)
at com.microsoft.playwright.impl.PageImpl.pause(PageImpl.java:1045)
at neshbase.Functionalflows.browserclose(Functionalflows.java:25)
at java.base/java.util.ArrayList.forEach(ArrayList.java:1541)
... Removed 26 stack frames]]>
    </failure>
  </testcase> <!-- @AfterClass browserclose -->
  <testcase classname="neshbase.Functionalflows" name="createOrganization" time="14.093"/>
  <testcase classname="neshbase.Functionalflows" name="select_org_type" time="17.405"/>
  <testcase classname="neshbase.Functionalflows" name="assign_setup" time="20.224"/>
  <testcase classname="neshbase.Functionalflows" name="createUser" time="7.837"/>
  <testcase classname="neshbase.Functionalflows" name="editUser" time="4.459"/>
  <testcase classname="neshbase.Functionalflows" name="deleteUser" time="5.655"/>
  <testcase classname="neshbase.Functionalflows" name="editOrganization" time="4.095">
    <failure type="com.microsoft.playwright.impl.TargetClosedError" message="Error {
  message=&amp;apos;Target page, context or browser has been closed
  name=&amp;apos;TargetClosedError
  stack=&amp;apos;TargetClosedError:Target page, context or browser has been closed
Error
    at captureRawStack (C:\Users\elsin\AppData\Local\Temp\playwright-java-10870154584130742626\package\lib\utils\stackTrace.js:50:17)
    at LongStandingScope._race (C:\Users\elsin\AppData\Local\Temp\playwright-java-10870154584130742626\package\lib\utils\manualPromise.js:91:52)
    at LongStandingScope.race (C:\Users\elsin\AppData\Local\Temp\playwright-java-10870154584130742626\package\lib\utils\manualPromise.js:84:17)
    at C:\Users\elsin\AppData\Local\Temp\playwright-java-10870154584130742626\package\lib\utils\manualPromise.js:81:43
    at Array.map (&amp;lt;anonymous&amp;gt;)
    at LongStandingScope.raceMultiple (C:\Users\elsin\AppData\Local\Temp\playwright-java-10870154584130742626\package\lib\utils\manualPromise.js:81:32)
    at Frame.retryWithProgressAndTimeouts (C:\Users\elsin\AppData\Local\Temp\playwright-java-10870154584130742626\package\lib\server\frames.js:931:40)
    at async C:\Users\elsin\AppData\Local\Temp\playwright-java-10870154584130742626\package\lib\server\frames.js:1023:29
    at async ProgressController.run (C:\Users\elsin\AppData\Local\Temp\playwright-java-10870154584130742626\package\lib\server\progress.js:79:22)
    at async FrameDispatcher.click (C:\Users\elsin\AppData\Local\Temp\playwright-java-10870154584130742626\package\lib\server\dispatchers\frameDispatcher.js:158:12)
    at async LongStandingScope._race (C:\Users\elsin\AppData\Local\Temp\playwright-java-10870154584130742626\package\lib\utils\manualPromise.js:96:14)
    at async FrameDispatcher._handleCommand (C:\Users\elsin\AppData\Local\Temp\playwright-java-10870154584130742626\package\lib\server\dispatchers\dispatcher.js:96:14)
    at async DispatcherConnection.dispatch (C:\Users\elsin\AppData\Local\Temp\playwright-java-10870154584130742626\package\lib\server\dispatchers\dispatcher.js:361:22)
}
Call log:
-   - waiting for locator(&amp;quot;xpath=(//button[@type=&amp;apos;button&amp;apos;])[27]&amp;quot;)
">
      <![CDATA[com.microsoft.playwright.impl.TargetClosedError: Error {
  message='Target page, context or browser has been closed
  name='TargetClosedError
  stack='TargetClosedError:Target page, context or browser has been closed
Error
    at captureRawStack (C:\Users\elsin\AppData\Local\Temp\playwright-java-10870154584130742626\package\lib\utils\stackTrace.js:50:17)
    at LongStandingScope._race (C:\Users\elsin\AppData\Local\Temp\playwright-java-10870154584130742626\package\lib\utils\manualPromise.js:91:52)
    at LongStandingScope.race (C:\Users\elsin\AppData\Local\Temp\playwright-java-10870154584130742626\package\lib\utils\manualPromise.js:84:17)
    at C:\Users\elsin\AppData\Local\Temp\playwright-java-10870154584130742626\package\lib\utils\manualPromise.js:81:43
    at Array.map (<anonymous>)
    at LongStandingScope.raceMultiple (C:\Users\elsin\AppData\Local\Temp\playwright-java-10870154584130742626\package\lib\utils\manualPromise.js:81:32)
    at Frame.retryWithProgressAndTimeouts (C:\Users\elsin\AppData\Local\Temp\playwright-java-10870154584130742626\package\lib\server\frames.js:931:40)
    at async C:\Users\elsin\AppData\Local\Temp\playwright-java-10870154584130742626\package\lib\server\frames.js:1023:29
    at async ProgressController.run (C:\Users\elsin\AppData\Local\Temp\playwright-java-10870154584130742626\package\lib\server\progress.js:79:22)
    at async FrameDispatcher.click (C:\Users\elsin\AppData\Local\Temp\playwright-java-10870154584130742626\package\lib\server\dispatchers\frameDispatcher.js:158:12)
    at async LongStandingScope._race (C:\Users\elsin\AppData\Local\Temp\playwright-java-10870154584130742626\package\lib\utils\manualPromise.js:96:14)
    at async FrameDispatcher._handleCommand (C:\Users\elsin\AppData\Local\Temp\playwright-java-10870154584130742626\package\lib\server\dispatchers\dispatcher.js:96:14)
    at async DispatcherConnection.dispatch (C:\Users\elsin\AppData\Local\Temp\playwright-java-10870154584130742626\package\lib\server\dispatchers\dispatcher.js:361:22)
}
Call log:
-   - waiting for locator("xpath=(//button[@type='button'])[27]")

at com.microsoft.playwright.impl.WaitableResult.get(WaitableResult.java:54)
at com.microsoft.playwright.impl.ChannelOwner.runUntil(ChannelOwner.java:132)
at com.microsoft.playwright.impl.Connection.sendMessage(Connection.java:130)
at com.microsoft.playwright.impl.ChannelOwner.sendMessage(ChannelOwner.java:118)
at com.microsoft.playwright.impl.FrameImpl.clickImpl(FrameImpl.java:252)
at com.microsoft.playwright.impl.FrameImpl.lambda$click$8(FrameImpl.java:243)
at com.microsoft.playwright.impl.LoggingSupport.lambda$withLogging$0(LoggingSupport.java:36)
at com.microsoft.playwright.impl.LoggingSupport.withLogging(LoggingSupport.java:47)
at com.microsoft.playwright.impl.ChannelOwner.withLogging(ChannelOwner.java:97)
at com.microsoft.playwright.impl.LoggingSupport.withLogging(LoggingSupport.java:35)
at com.microsoft.playwright.impl.FrameImpl.click(FrameImpl.java:243)
at com.microsoft.playwright.impl.LocatorImpl.click(LocatorImpl.java:175)
at com.microsoft.playwright.Locator.click(Locator.java:2493)
at neshbase.Functionalflows.editOrganization(Functionalflows.java:196)
at java.base/java.util.ArrayList.forEach(ArrayList.java:1541)
Caused by: com.microsoft.playwright.impl.TargetClosedError: Error {
  message='Target page, context or browser has been closed
  name='TargetClosedError
  stack='TargetClosedError:Target page, context or browser has been closed
Error
    at captureRawStack (C:\Users\elsin\AppData\Local\Temp\playwright-java-10870154584130742626\package\lib\utils\stackTrace.js:50:17)
    at LongStandingScope._race (C:\Users\elsin\AppData\Local\Temp\playwright-java-10870154584130742626\package\lib\utils\manualPromise.js:91:52)
    at LongStandingScope.race (C:\Users\elsin\AppData\Local\Temp\playwright-java-10870154584130742626\package\lib\utils\manualPromise.js:84:17)
    at C:\Users\elsin\AppData\Local\Temp\playwright-java-10870154584130742626\package\lib\utils\manualPromise.js:81:43
    at Array.map (<anonymous>)
    at LongStandingScope.raceMultiple (C:\Users\elsin\AppData\Local\Temp\playwright-java-10870154584130742626\package\lib\utils\manualPromise.js:81:32)
    at Frame.retryWithProgressAndTimeouts (C:\Users\elsin\AppData\Local\Temp\playwright-java-10870154584130742626\package\lib\server\frames.js:931:40)
    at async C:\Users\elsin\AppData\Local\Temp\playwright-java-10870154584130742626\package\lib\server\frames.js:1023:29
    at async ProgressController.run (C:\Users\elsin\AppData\Local\Temp\playwright-java-10870154584130742626\package\lib\server\progress.js:79:22)
    at async FrameDispatcher.click (C:\Users\elsin\AppData\Local\Temp\playwright-java-10870154584130742626\package\lib\server\dispatchers\frameDispatcher.js:158:12)
    at async LongStandingScope._race (C:\Users\elsin\AppData\Local\Temp\playwright-java-10870154584130742626\package\lib\utils\manualPromise.js:96:14)
    at async FrameDispatcher._handleCommand (C:\Users\elsin\AppData\Local\Temp\playwright-java-10870154584130742626\package\lib\server\dispatchers\dispatcher.js:96:14)
    at async DispatcherConnection.dispatch (C:\Users\elsin\AppData\Local\Temp\playwright-java-10870154584130742626\package\lib\server\dispatchers\dispatcher.js:361:22)
}
Call log:
-   - waiting for locator("xpath=(//button[@type='button'])[27]")

at com.microsoft.playwright.impl.Connection.dispatch(Connection.java:256)
at com.microsoft.playwright.impl.Connection.processOneMessage(Connection.java:211)
at com.microsoft.playwright.impl.ChannelOwner.runUntil(ChannelOwner.java:130)
... 40 more
... Removed 27 stack frames]]>
    </failure>
  </testcase> <!-- editOrganization -->
  <testcase classname="neshbase.Functionalflows" name="deleteOrganization" time="3.012">
    <failure type="com.microsoft.playwright.impl.TargetClosedError" message="Error {
  message=&amp;apos;Target page, context or browser has been closed
  name=&amp;apos;TargetClosedError
  stack=&amp;apos;TargetClosedError: Target page, context or browser has been closed
    at DispatcherConnection.dispatch (C:\Users\elsin\AppData\Local\Temp\playwright-java-10870154584130742626\package\lib\server\dispatchers\dispatcher.js:273:44)
    at transport.onmessage (C:\Users\elsin\AppData\Local\Temp\playwright-java-10870154584130742626\package\lib\cli\driver.js:52:57)
    at Immediate._onImmediate (C:\Users\elsin\AppData\Local\Temp\playwright-java-10870154584130742626\package\lib\protocol\transport.js:77:34)
    at process.processImmediate (node:internal/timers:491:21)
}">
      <![CDATA[com.microsoft.playwright.impl.TargetClosedError: Error {
  message='Target page, context or browser has been closed
  name='TargetClosedError
  stack='TargetClosedError: Target page, context or browser has been closed
    at DispatcherConnection.dispatch (C:\Users\elsin\AppData\Local\Temp\playwright-java-10870154584130742626\package\lib\server\dispatchers\dispatcher.js:273:44)
    at transport.onmessage (C:\Users\elsin\AppData\Local\Temp\playwright-java-10870154584130742626\package\lib\cli\driver.js:52:57)
    at Immediate._onImmediate (C:\Users\elsin\AppData\Local\Temp\playwright-java-10870154584130742626\package\lib\protocol\transport.js:77:34)
    at process.processImmediate (node:internal/timers:491:21)
}
at com.microsoft.playwright.impl.WaitableResult.get(WaitableResult.java:54)
at com.microsoft.playwright.impl.ChannelOwner.runUntil(ChannelOwner.java:132)
at com.microsoft.playwright.impl.Connection.sendMessage(Connection.java:130)
at com.microsoft.playwright.impl.ChannelOwner.sendMessage(ChannelOwner.java:118)
at com.microsoft.playwright.impl.FrameImpl.clickImpl(FrameImpl.java:252)
at com.microsoft.playwright.impl.FrameImpl.lambda$click$8(FrameImpl.java:243)
at com.microsoft.playwright.impl.LoggingSupport.lambda$withLogging$0(LoggingSupport.java:36)
at com.microsoft.playwright.impl.LoggingSupport.withLogging(LoggingSupport.java:47)
at com.microsoft.playwright.impl.ChannelOwner.withLogging(ChannelOwner.java:97)
at com.microsoft.playwright.impl.LoggingSupport.withLogging(LoggingSupport.java:35)
at com.microsoft.playwright.impl.FrameImpl.click(FrameImpl.java:243)
at com.microsoft.playwright.impl.LocatorImpl.click(LocatorImpl.java:175)
at com.microsoft.playwright.Locator.click(Locator.java:2493)
at neshbase.Functionalflows.deleteOrganization(Functionalflows.java:226)
at java.base/java.util.ArrayList.forEach(ArrayList.java:1541)
Caused by: com.microsoft.playwright.impl.TargetClosedError: Error {
  message='Target page, context or browser has been closed
  name='TargetClosedError
  stack='TargetClosedError: Target page, context or browser has been closed
    at DispatcherConnection.dispatch (C:\Users\elsin\AppData\Local\Temp\playwright-java-10870154584130742626\package\lib\server\dispatchers\dispatcher.js:273:44)
    at transport.onmessage (C:\Users\elsin\AppData\Local\Temp\playwright-java-10870154584130742626\package\lib\cli\driver.js:52:57)
    at Immediate._onImmediate (C:\Users\elsin\AppData\Local\Temp\playwright-java-10870154584130742626\package\lib\protocol\transport.js:77:34)
    at process.processImmediate (node:internal/timers:491:21)
}
at com.microsoft.playwright.impl.Connection.dispatch(Connection.java:256)
at com.microsoft.playwright.impl.Connection.processOneMessage(Connection.java:211)
at com.microsoft.playwright.impl.ChannelOwner.runUntil(ChannelOwner.java:130)
... 40 more
... Removed 27 stack frames]]>
    </failure>
  </testcase> <!-- deleteOrganization -->
</testsuite> <!-- Test -->
