<?xml version="1.0" encoding="UTF-8"?>
<!-- Generated by org.testng.reporters.JUnitXMLReporter -->
<testsuite ignored="0" hostname="NL-RLPT-16" failures="0" tests="4" name="Test" time="101.787" errors="0" timestamp="2024-12-04T00:25:06 IST">
  <testcase classname="create_organization.create" name="add_organization" time="5.114"/>
  <testcase classname="create_organization.create" name="assign_setup" time="18.503"/>
  <testcase classname="create_organization.create" name="new_user" time="5.494"/>
  <testcase classname="create_organization.create" name="select_org_type" time="5.51"/>
</testsuite> <!-- Test -->
