<?xml version="1.0" encoding="UTF-8"?>
<testng-results ignored="0" total="2" passed="2" failed="0" skipped="0">
  <reporter-output>
  </reporter-output>
  <suite started-at="2024-12-01T23:08:16 IST" name="Suite" finished-at="2024-12-01T23:08:36 IST" duration-ms="19392">
    <groups>
    </groups>
    <test started-at="2024-12-01T23:08:16 IST" name="Test" finished-at="2024-12-01T23:08:36 IST" duration-ms="19392">
      <class name="create_organization.create">
        <test-method is-config="true" signature="browseropen()[pri:0, instance:create_organization.create@12aba8be]" started-at="2024-12-01T23:08:16 IST" name="browseropen" finished-at="2024-12-01T23:08:30 IST" duration-ms="13387" status="PASS">
          <reporter-output>
          </reporter-output>
        </test-method> <!-- browseropen -->
        <test-method signature="create_user()[pri:0, instance:create_organization.create@12aba8be]" started-at="2024-12-01T23:08:30 IST" name="create_user" finished-at="2024-12-01T23:08:30 IST" duration-ms="646" status="PASS">
          <reporter-output>
          </reporter-output>
        </test-method> <!-- create_user -->
        <test-method is-config="true" signature="browserclose()[pri:0, instance:create_organization.create@12aba8be]" started-at="2024-12-01T23:08:30 IST" name="browserclose" finished-at="2024-12-01T23:08:30 IST" duration-ms="128" status="PASS">
          <reporter-output>
          </reporter-output>
        </test-method> <!-- browserclose -->
        <test-method is-config="true" signature="browseropen()[pri:0, instance:create_organization.create@12aba8be]" started-at="2024-12-01T23:08:30 IST" name="browseropen" finished-at="2024-12-01T23:08:34 IST" duration-ms="3569" status="PASS">
          <reporter-output>
          </reporter-output>
        </test-method> <!-- browseropen -->
        <test-method signature="login()[pri:0, instance:create_organization.create@12aba8be]" started-at="2024-12-01T23:08:34 IST" name="login" finished-at="2024-12-01T23:08:36 IST" duration-ms="1496" status="PASS">
          <reporter-output>
          </reporter-output>
        </test-method> <!-- login -->
        <test-method is-config="true" signature="browserclose()[pri:0, instance:create_organization.create@12aba8be]" started-at="2024-12-01T23:08:36 IST" name="browserclose" finished-at="2024-12-01T23:08:36 IST" duration-ms="74" status="PASS">
          <reporter-output>
          </reporter-output>
        </test-method> <!-- browserclose -->
      </class> <!-- create_organization.create -->
    </test> <!-- Test -->
  </suite> <!-- Suite -->
</testng-results>
