<?xml version="1.0" encoding="UTF-8"?>
<testng-results ignored="0" total="1" passed="1" failed="0" skipped="0">
  <reporter-output>
  </reporter-output>
  <suite started-at="2024-12-06T18:29:32 IST" name="Default suite" finished-at="2024-12-06T18:30:08 IST" duration-ms="35254">
    <groups>
    </groups>
    <test started-at="2024-12-06T18:29:32 IST" name="Default test" finished-at="2024-12-06T18:30:08 IST" duration-ms="35254">
      <class name="neshbase.Functionalflows">
        <test-method is-config="true" signature="browseropen()[pri:0, instance:neshbase.Functionalflows@132e0cc]" started-at="2024-12-06T18:29:32 IST" name="browseropen" finished-at="2024-12-06T18:29:48 IST" duration-ms="15150" status="PASS">
          <reporter-output>
          </reporter-output>
        </test-method> <!-- browseropen -->
        <test-method signature="editUser()[pri:5, instance:neshbase.Functionalflows@132e0cc]" started-at="2024-12-06T18:29:48 IST" name="editUser" finished-at="2024-12-06T18:30:05 IST" duration-ms="16974" status="PASS">
          <reporter-output>
          </reporter-output>
        </test-method> <!-- editUser -->
        <test-method is-config="true" signature="browserclose()[pri:0, instance:neshbase.Functionalflows@132e0cc]" started-at="2024-12-06T18:30:05 IST" name="browserclose" finished-at="2024-12-06T18:30:08 IST" duration-ms="2891" status="PASS">
          <reporter-output>
          </reporter-output>
        </test-method> <!-- browserclose -->
      </class> <!-- neshbase.Functionalflows -->
    </test> <!-- Default test -->
  </suite> <!-- Default suite -->
</testng-results>
